# JRE version: Java(TM) SE Runtime Environment (8.0_05-b13) (build 1.8.0_05-b13)
# Java VM: Java HotSpot(TM) 64-Bit Server VM (25.5-b02 mixed mode windows-amd64 compressed oops)
Heap:
 PSYoungGen      total 61440K, used 10680K [0x00000000d5b00000, 0x00000000db880000, 0x0000000100000000)
  eden space 53760K, 5% used [0x00000000d5b00000,0x00000000d5def558,0x00000000d8f80000)
  from space 7680K, 99% used [0x00000000d8f80000,0x00000000d96feb98,0x00000000d9700000)
  to   space 10240K, 0% used [0x00000000dae80000,0x00000000dae80000,0x00000000db880000)
 ParOldGen       total 129536K, used 12644K [0x0000000081000000, 0x0000000088e80000, 0x00000000d5b00000)
  object space 129536K, 9% used [0x0000000081000000,0x0000000081c59308,0x0000000088e80000)
 Metaspace       used 20544K, capacity 20832K, committed 21120K, reserved 1067008K
  class space    used 2526K, capacity 2602K, committed 2688K, reserved 1048576K
GC Heap History (10 events):
Event: 1.779 GC heap before
{Heap before GC invocations=17 (full 0):
 PSYoungGen      total 31232K, used 30687K [0x00000000d5b00000, 0x00000000d7e80000, 0x0000000100000000)
  eden space 27648K, 100% used [0x00000000d5b00000,0x00000000d7600000,0x00000000d7600000)
  from space 3584K, 84% used [0x00000000d7a00000,0x00000000d7cf7e18,0x00000000d7d80000)
  to   space 4096K, 0% used [0x00000000d7600000,0x00000000d7600000,0x00000000d7a00000)
 ParOldGen       total 129536K, used 6305K [0x0000000081000000, 0x0000000088e80000, 0x00000000d5b00000)
  object space 129536K, 4% used [0x0000000081000000,0x00000000816286b0,0x0000000088e80000)
 Metaspace       used 11336K, capacity 11462K, committed 11648K, reserved 1058816K
  class space    used 1234K, capacity 1286K, committed 1408K, reserved 1048576K
Event: 1.784 GC heap after
Heap after GC invocations=17 (full 0):
 PSYoungGen      total 31744K, used 4095K [0x00000000d5b00000, 0x00000000d8c00000, 0x0000000100000000)
  eden space 27648K, 0% used [0x00000000d5b00000,0x00000000d5b00000,0x00000000d7600000)
  from space 4096K, 99% used [0x00000000d7600000,0x00000000d79ffe08,0x00000000d7a00000)
  to   space 5632K, 0% used [0x00000000d8680000,0x00000000d8680000,0x00000000d8c00000)
 ParOldGen       total 129536K, used 8143K [0x0000000081000000, 0x0000000088e80000, 0x00000000d5b00000)
  object space 129536K, 6% used [0x0000000081000000,0x00000000817f3f80,0x0000000088e80000)
 Metaspace       used 11336K, capacity 11462K, committed 11648K, reserved 1058816K
  class space    used 1234K, capacity 1286K, committed 1408K, reserved 1048576K
}
Event: 1.934 GC heap before
{Heap before GC invocations=18 (full 0):
 PSYoungGen      total 31744K, used 31743K [0x00000000d5b00000, 0x00000000d8c00000, 0x0000000100000000)
  eden space 27648K, 100% used [0x00000000d5b00000,0x00000000d7600000,0x00000000d7600000)
  from space 4096K, 99% used [0x00000000d7600000,0x00000000d79ffe08,0x00000000d7a00000)
  to   space 5632K, 0% used [0x00000000d8680000,0x00000000d8680000,0x00000000d8c00000)
 ParOldGen       total 129536K, used 8143K [0x0000000081000000, 0x0000000088e80000, 0x00000000d5b00000)
  object space 129536K, 6% used [0x0000000081000000,0x00000000817f3f80,0x0000000088e80000)
 Metaspace       used 11340K, capacity 11462K, committed 11648K, reserved 1058816K
  class space    used 1234K, capacity 1286K, committed 1408K, reserved 1048576K
Event: 1.939 GC heap after
Heap after GC invocations=18 (full 0):
 PSYoungGen      total 44032K, used 5475K [0x00000000d5b00000, 0x00000000d8d00000, 0x0000000100000000)
  eden space 38400K, 0% used [0x00000000d5b00000,0x00000000d5b00000,0x00000000d8080000)
  from space 5632K, 97% used [0x00000000d8680000,0x00000000d8bd8d80,0x00000000d8c00000)
  to   space 6144K, 0% used [0x00000000d8080000,0x00000000d8080000,0x00000000d8680000)
 ParOldGen       total 129536K, used 8489K [0x0000000081000000, 0x0000000088e80000, 0x00000000d5b00000)
  object space 129536K, 6% used [0x0000000081000000,0x000000008184a420,0x0000000088e80000)
 Metaspace       used 11340K, capacity 11462K, committed 11648K, reserved 1058816K
  class space    used 1234K, capacity 1286K, committed 1408K, reserved 1048576K
}
Event: 2.174 GC heap before
{Heap before GC invocations=19 (full 0):
 PSYoungGen      total 44032K, used 43875K [0x00000000d5b00000, 0x00000000d8d00000, 0x0000000100000000)
  eden space 38400K, 100% used [0x00000000d5b00000,0x00000000d8080000,0x00000000d8080000)
  from space 5632K, 97% used [0x00000000d8680000,0x00000000d8bd8d80,0x00000000d8c00000)
  to   space 6144K, 0% used [0x00000000d8080000,0x00000000d8080000,0x00000000d8680000)
 ParOldGen       total 129536K, used 8489K [0x0000000081000000, 0x0000000088e80000, 0x00000000d5b00000)
  object space 129536K, 6% used [0x0000000081000000,0x000000008184a420,0x0000000088e80000)
 Metaspace       used 11376K, capacity 11526K, committed 11648K, reserved 1058816K
  class space    used 1239K, capacity 1286K, committed 1408K, reserved 1048576K
Event: 2.185 GC heap after
Heap after GC invocations=19 (full 0):
 PSYoungGen      total 44544K, used 6113K [0x00000000d5b00000, 0x00000000d9e80000, 0x0000000100000000)
  eden space 38400K, 0% used [0x00000000d5b00000,0x00000000d5b00000,0x00000000d8080000)
  from space 6144K, 99% used [0x00000000d8080000,0x00000000d8678730,0x00000000d8680000)
  to   space 7680K, 0% used [0x00000000d9700000,0x00000000d9700000,0x00000000d9e80000)
 ParOldGen       total 129536K, used 9426K [0x0000000081000000, 0x0000000088e80000, 0x00000000d5b00000)
  object space 129536K, 7% used [0x0000000081000000,0x00000000819349c8,0x0000000088e80000)
 Metaspace       used 11376K, capacity 11526K, committed 11648K, reserved 1058816K
  class space    used 1239K, capacity 1286K, committed 1408K, reserved 1048576K
}
Event: 2.807 GC heap before
{Heap before GC invocations=20 (full 0):
 PSYoungGen      total 44544K, used 44513K [0x00000000d5b00000, 0x00000000d9e80000, 0x0000000100000000)
  eden space 38400K, 100% used [0x00000000d5b00000,0x00000000d8080000,0x00000000d8080000)
  from space 6144K, 99% used [0x00000000d8080000,0x00000000d8678730,0x00000000d8680000)
  to   space 7680K, 0% used [0x00000000d9700000,0x00000000d9700000,0x00000000d9e80000)
 ParOldGen       total 129536K, used 9426K [0x0000000081000000, 0x0000000088e80000, 0x00000000d5b00000)
  object space 129536K, 7% used [0x0000000081000000,0x00000000819349c8,0x0000000088e80000)
 Metaspace       used 13310K, capacity 13446K, committed 13568K, reserved 1060864K
  class space    used 1475K, capacity 1526K, committed 1536K, reserved 1048576K
Event: 2.813 GC heap after
Heap after GC invocations=20 (full 0):
 PSYoungGen      total 61440K, used 4525K [0x00000000d5b00000, 0x00000000d9e80000, 0x0000000100000000)
  eden space 53760K, 0% used [0x00000000d5b00000,0x00000000d5b00000,0x00000000d8f80000)
  from space 7680K, 58% used [0x00000000d9700000,0x00000000d9b6b590,0x00000000d9e80000)
  to   space 7680K, 0% used [0x00000000d8f80000,0x00000000d8f80000,0x00000000d9700000)
 ParOldGen       total 129536K, used 9602K [0x0000000081000000, 0x0000000088e80000, 0x00000000d5b00000)
  object space 129536K, 7% used [0x0000000081000000,0x00000000819609c8,0x0000000088e80000)
 Metaspace       used 13310K, capacity 13446K, committed 13568K, reserved 1060864K
  class space    used 1475K, capacity 1526K, committed 1536K, reserved 1048576K
}
Event: 11.330 GC heap before
{Heap before GC invocations=21 (full 0):
 PSYoungGen      total 61440K, used 58285K [0x00000000d5b00000, 0x00000000d9e80000, 0x0000000100000000)
  eden space 53760K, 100% used [0x00000000d5b00000,0x00000000d8f80000,0x00000000d8f80000)
  from space 7680K, 58% used [0x00000000d9700000,0x00000000d9b6b590,0x00000000d9e80000)
  to   space 7680K, 0% used [0x00000000d8f80000,0x00000000d8f80000,0x00000000d9700000)
 ParOldGen       total 129536K, used 9602K [0x0000000081000000, 0x0000000088e80000, 0x00000000d5b00000)
  object space 129536K, 7% used [0x0000000081000000,0x00000000819609c8,0x0000000088e80000)
 Metaspace       used 20296K, capacity 20538K, committed 20864K, reserved 1067008K
  class space    used 2487K, capacity 2568K, committed 2688K, reserved 1048576K
Event: 11.342 GC heap after
Heap after GC invocations=21 (full 0):
 PSYoungGen      total 61440K, used 7674K [0x00000000d5b00000, 0x00000000db880000, 0x0000000100000000)
  eden space 53760K, 0% used [0x00000000d5b00000,0x00000000d5b00000,0x00000000d8f80000)
  from space 7680K, 99% used [0x00000000d8f80000,0x00000000d96feb98,0x00000000d9700000)
  to   space 10240K, 0% used [0x00000000dae80000,0x00000000dae80000,0x00000000db880000)
 ParOldGen       total 129536K, used 12644K [0x0000000081000000, 0x0000000088e80000, 0x00000000d5b00000)
  object space 129536K, 9% used [0x0000000081000000,0x0000000081c59308,0x0000000088e80000)
 Metaspace       used 20296K, capacity 20538K, committed 20864K, reserved 1067008K
  class space    used 2487K, capacity 2568K, committed 2688K, reserved 1048576K
}

